{
  "RSpec": {
    "coverage": {
      "/home/franciscocabello/Desktop/franciscoCabello/software/proyecto/grupo14-proyecto/app-grupo14/spec/controllers/comentarioservicios_controller_spec.rb": {
        "lines": [
          1,
          null,
          null,
          null,
          null,
          null,
          null,
          null,
          null,
          null,
          null,
          null,
          null,
          null,
          null,
          null,
          null,
          null,
          null,
          null,
          null,
          null,
          null,
          null,
          null,
          1,
          null,
          null,
          null,
          null,
          1,
          10,
          null,
          null,
          1,
          1,
          null,
          null,
          null,
          null,
          null,
          2,
          null,
          1,
          1,
          1,
          0,
          0,
          null,
          null,
          null,
          1,
          1,
          1,
          0,
          0,
          null,
          null,
          null,
          1,
          1,
          1,
          1,
          null,
          null,
          null,
          1,
          1,
          1,
          0,
          0,
          null,
          null,
          null,
          1,
          1,
          1,
          1,
          1,
          null,
          null,
          null,
          1,
          1,
          0,
          null,
          null,
          null,
          1,
          1,
          1,
          0,
          null,
          null,
          null,
          null,
          1,
          1,
          1,
          0,
          null,
          null,
          1,
          1,
          0,
          0,
          0,
          null,
          null,
          1,
          1,
          0,
          0,
          null,
          null,
          null,
          1,
          1,
          1,
          0,
          0,
          null,
          null,
          null,
          null,
          1,
          1,
          1,
          0,
          0,
          null,
          null,
          null,
          1,
          1,
          0,
          0,
          null,
          null,
          null,
          null
        ]
      },
      "/home/franciscocabello/Desktop/franciscoCabello/software/proyecto/grupo14-proyecto/app-grupo14/spec/rails_helper.rb": {
        "lines": [
          null,
          1,
          1,
          1,
          1,
          null,
          1,
          null,
          null,
          1,
          1,
          null,
          null,
          null,
          null,
          null,
          null,
          null,
          null,
          null,
          null,
          null,
          null,
          null,
          null,
          null,
          null,
          null,
          null,
          null,
          null,
          1,
          null,
          0,
          0,
          null,
          1,
          null,
          1,
          null,
          null,
          null,
          null,
          1,
          null,
          null,
          null,
          null,
          null,
          null,
          null,
          null,
          null,
          null,
          null,
          null,
          null,
          null,
          1,
          null,
          null,
          1,
          null,
          null,
          null
        ]
      },
      "/home/franciscocabello/Desktop/franciscoCabello/software/proyecto/grupo14-proyecto/app-grupo14/config/environment.rb": {
        "lines": [
          null,
          1,
          null,
          null,
          1
        ]
      },
      "/home/franciscocabello/Desktop/franciscoCabello/software/proyecto/grupo14-proyecto/app-grupo14/config/application.rb": {
        "lines": [
          1,
          null,
          1,
          null,
          null,
          null,
          1,
          null,
          1,
          1,
          null,
          1,
          null,
          null,
          null,
          null,
          null,
          null,
          null
        ]
      },
      "/home/franciscocabello/Desktop/franciscoCabello/software/proyecto/grupo14-proyecto/app-grupo14/config/boot.rb": {
        "lines": [
          1,
          null,
          1,
          1
        ]
      },
      "/home/franciscocabello/Desktop/franciscoCabello/software/proyecto/grupo14-proyecto/app-grupo14/config/environments/test.rb": {
        "lines": [
          1,
          null,
          null,
          null,
          null,
          null,
          null,
          1,
          null,
          null,
          null,
          null,
          1,
          null,
          null,
          1,
          1,
          null,
          null,
          null,
          null,
          1,
          1,
          null,
          null,
          1,
          null,
          null,
          1,
          null,
          null,
          1,
          null,
          1,
          null,
          null,
          null,
          null,
          1,
          null,
          null,
          1,
          null,
          null,
          null,
          null
        ]
      },
      "/home/franciscocabello/Desktop/franciscoCabello/software/proyecto/grupo14-proyecto/app-grupo14/config/initializers/application_controller_renderer.rb": {
        "lines": [
          null,
          null,
          null,
          null,
          null,
          null,
          null,
          null
        ]
      },
      "/home/franciscocabello/Desktop/franciscoCabello/software/proyecto/grupo14-proyecto/app-grupo14/config/initializers/assets.rb": {
        "lines": [
          null,
          null,
          null,
          1,
          null,
          null,
          null,
          null,
          1,
          null,
          null,
          null,
          null,
          null
        ]
      },
      "/home/franciscocabello/Desktop/franciscoCabello/software/proyecto/grupo14-proyecto/app-grupo14/config/initializers/backtrace_silencers.rb": {
        "lines": [
          null,
          null,
          null,
          null,
          null,
          null,
          null
        ]
      },
      "/home/franciscocabello/Desktop/franciscoCabello/software/proyecto/grupo14-proyecto/app-grupo14/config/initializers/content_security_policy.rb": {
        "lines": [
          null,
          null,
          null,
          null,
          null,
          null,
          null,
          null,
          null,
          null,
          null,
          null,
          null,
          null,
          null,
          null,
          null,
          null,
          null,
          null,
          null,
          null,
          null,
          null,
          null
        ]
      },
      "/home/franciscocabello/Desktop/franciscoCabello/software/proyecto/grupo14-proyecto/app-grupo14/config/initializers/cookies_serializer.rb": {
        "lines": [
          null,
          null,
          null,
          null,
          1
        ]
      },
      "/home/franciscocabello/Desktop/franciscoCabello/software/proyecto/grupo14-proyecto/app-grupo14/config/initializers/devise.rb": {
        "lines": [
          null,
          null,
          null,
          null,
          null,
          null,
          null,
          null,
          null,
          null,
          1,
          null,
          null,
          null,
          null,
          null,
          null,
          null,
          null,
          null,
          null,
          null,
          null,
          null,
          null,
          null,
          1,
          null,
          null,
          null,
          null,
          null,
          null,
          null,
          null,
          null,
          null,
          null,
          1,
          null,
          null,
          null,
          null,
          null,
          null,
          null,
          null,
          null,
          null,
          null,
          null,
          null,
          null,
          null,
          null,
          null,
          null,
          null,
          null,
          null,
          1,
          null,
          null,
          null,
          null,
          1,
          null,
          null,
          null,
          null,
          null,
          null,
          null,
          null,
          null,
          null,
          null,
          null,
          null,
          null,
          null,
          null,
          null,
          null,
          null,
          null,
          null,
          null,
          null,
          null,
          null,
          null,
          null,
          null,
          null,
          null,
          null,
          null,
          null,
          1,
          null,
          null,
          null,
          null,
          null,
          null,
          null,
          null,
          null,
          null,
          null,
          null,
          null,
          null,
          null,
          null,
          null,
          null,
          null,
          null,
          null,
          null,
          null,
          null,
          null,
          1,
          null,
          null,
          null,
          null,
          null,
          null,
          null,
          null,
          null,
          null,
          null,
          null,
          null,
          null,
          null,
          null,
          null,
          null,
          null,
          null,
          null,
          null,
          null,
          null,
          null,
          null,
          null,
          null,
          null,
          null,
          null,
          null,
          null,
          1,
          null,
          null,
          null,
          null,
          null,
          null,
          null,
          null,
          null,
          1,
          null,
          null,
          null,
          null,
          null,
          null,
          null,
          null,
          null,
          null,
          1,
          null,
          null,
          null,
          null,
          1,
          null,
          null,
          null,
          null,
          null,
          null,
          null,
          null,
          null,
          null,
          null,
          null,
          null,
          null,
          null,
          null,
          null,
          null,
          null,
          null,
          null,
          null,
          null,
          null,
          null,
          null,
          null,
          null,
          null,
          null,
          null,
          null,
          null,
          null,
          null,
          null,
          null,
          null,
          null,
          null,
          1,
          null,
          null,
          null,
          null,
          null,
          null,
          null,
          null,
          null,
          null,
          null,
          null,
          null,
          null,
          null,
          null,
          null,
          null,
          null,
          null,
          null,
          null,
          null,
          null,
          null,
          null,
          null,
          null,
          null,
          null,
          null,
          null,
          null,
          null,
          null,
          null,
          null,
          null,
          null,
          null,
          null,
          1,
          null,
          null,
          null,
          null,
          null,
          null,
          null,
          null,
          null,
          null,
          null,
          null,
          null,
          null,
          null,
          null,
          null,
          null,
          null,
          null,
          null,
          null,
          null,
          null,
          null,
          null,
          null,
          null,
          null,
          null,
          null,
          null,
          null,
          null,
          null,
          null,
          null,
          null,
          null,
          null,
          null,
          null
        ]
      },
      "/home/franciscocabello/Desktop/franciscoCabello/software/proyecto/grupo14-proyecto/app-grupo14/config/initializers/filter_parameter_logging.rb": {
        "lines": [
          null,
          null,
          null,
          1
        ]
      },
      "/home/franciscocabello/Desktop/franciscoCabello/software/proyecto/grupo14-proyecto/app-grupo14/config/initializers/inflections.rb": {
        "lines": [
          null,
          null,
          null,
          null,
          null,
          null,
          null,
          null,
          null,
          null,
          null,
          null,
          null,
          null,
          null,
          null
        ]
      },
      "/home/franciscocabello/Desktop/franciscoCabello/software/proyecto/grupo14-proyecto/app-grupo14/config/initializers/mime_types.rb": {
        "lines": [
          null,
          null,
          null,
          null
        ]
      },
      "/home/franciscocabello/Desktop/franciscoCabello/software/proyecto/grupo14-proyecto/app-grupo14/config/initializers/wrap_parameters.rb": {
        "lines": [
          null,
          null,
          null,
          null,
          null,
          null,
          1,
          2,
          null,
          null,
          null,
          null,
          null,
          null
        ]
      },
      "/home/franciscocabello/Desktop/franciscoCabello/software/proyecto/grupo14-proyecto/app-grupo14/config/routes.rb": {
        "lines": [
          1,
          null,
          1,
          1,
          1,
          1,
          1,
          1,
          1,
          null,
          null,
          null,
          null,
          1,
          1,
          1,
          1,
          null,
          null,
          1,
          1,
          1,
          1,
          1,
          null,
          null,
          1,
          1,
          1,
          null,
          null,
          null,
          1,
          1,
          1,
          1,
          1,
          null,
          null,
          null
        ]
      },
      "/home/franciscocabello/Desktop/franciscoCabello/software/proyecto/grupo14-proyecto/app-grupo14/app/models/user.rb": {
        "lines": [
          1,
          null,
          null,
          1,
          1,
          null,
          null,
          1,
          1,
          1,
          1,
          null
        ]
      },
      "/home/franciscocabello/Desktop/franciscoCabello/software/proyecto/grupo14-proyecto/app-grupo14/app/models/application_record.rb": {
        "lines": [
          1,
          1,
          null
        ]
      },
      "/home/franciscocabello/Desktop/franciscoCabello/software/proyecto/grupo14-proyecto/app-grupo14/app/helpers/application_helper.rb": {
        "lines": [
          1,
          null,
          null
        ]
      },
      "/home/franciscocabello/Desktop/franciscoCabello/software/proyecto/grupo14-proyecto/app-grupo14/app/helpers/carretes_helper.rb": {
        "lines": [
          1,
          null
        ]
      },
      "/home/franciscocabello/Desktop/franciscoCabello/software/proyecto/grupo14-proyecto/app-grupo14/app/helpers/comentariocarretes_helper.rb": {
        "lines": [
          1,
          null
        ]
      },
      "/home/franciscocabello/Desktop/franciscoCabello/software/proyecto/grupo14-proyecto/app-grupo14/app/helpers/comentarioservicios_helper.rb": {
        "lines": [
          1,
          null
        ]
      },
      "/home/franciscocabello/Desktop/franciscoCabello/software/proyecto/grupo14-proyecto/app-grupo14/app/helpers/index_helper.rb": {
        "lines": [
          1,
          null
        ]
      },
      "/home/franciscocabello/Desktop/franciscoCabello/software/proyecto/grupo14-proyecto/app-grupo14/app/helpers/pages_helper.rb": {
        "lines": [
          1,
          null
        ]
      },
      "/home/franciscocabello/Desktop/franciscoCabello/software/proyecto/grupo14-proyecto/app-grupo14/app/helpers/profile_helper.rb": {
        "lines": [
          1,
          null
        ]
      },
      "/home/franciscocabello/Desktop/franciscoCabello/software/proyecto/grupo14-proyecto/app-grupo14/app/helpers/servicios_helper.rb": {
        "lines": [
          1,
          null
        ]
      },
      "/home/franciscocabello/Desktop/franciscoCabello/software/proyecto/grupo14-proyecto/app-grupo14/app/controllers/comentarioservicios_controller.rb": {
        "lines": [
          1,
          1,
          null,
          null,
          null,
          1,
          1,
          null,
          null,
          null,
          null,
          1,
          null,
          null,
          null,
          1,
          1,
          1,
          null,
          null,
          null,
          1,
          null,
          null,
          null,
          null,
          1,
          0,
          0,
          0,
          null,
          0,
          0,
          0,
          0,
          null,
          0,
          0,
          null,
          null,
          null,
          null,
          null,
          null,
          1,
          0,
          0,
          0,
          0,
          null,
          0,
          0,
          null,
          null,
          null,
          null,
          null,
          null,
          1,
          0,
          0,
          0,
          0,
          null,
          null,
          null,
          1,
          null,
          1,
          0,
          null,
          null,
          null,
          1,
          0,
          null,
          null
        ]
      },
      "/home/franciscocabello/Desktop/franciscoCabello/software/proyecto/grupo14-proyecto/app-grupo14/app/controllers/application_controller.rb": {
        "lines": [
          1,
          null
        ]
      },
      "/home/franciscocabello/Desktop/franciscoCabello/software/proyecto/grupo14-proyecto/app-grupo14/spec/helpers/application_helper_spec.rb": {
        "lines": [
          1
        ]
      },
      "/home/franciscocabello/Desktop/franciscoCabello/software/proyecto/grupo14-proyecto/app-grupo14/spec/helpers/comentarioservicios_helper_spec.rb": {
        "lines": [
          1,
          null,
          null,
          null,
          null,
          null,
          null,
          null,
          null,
          null,
          null,
          null,
          1,
          1,
          null
        ]
      },
      "/home/franciscocabello/Desktop/franciscoCabello/software/proyecto/grupo14-proyecto/app-grupo14/spec/models/carrete_spec.rb": {
        "lines": [
          1,
          null,
          1,
          1,
          1,
          1,
          null,
          null,
          1,
          1,
          1,
          1,
          null,
          null,
          null
        ]
      },
      "/home/franciscocabello/Desktop/franciscoCabello/software/proyecto/grupo14-proyecto/app-grupo14/app/models/carrete.rb": {
        "lines": [
          1,
          null,
          1,
          null,
          1,
          1,
          1,
          null
        ]
      },
      "/home/franciscocabello/Desktop/franciscoCabello/software/proyecto/grupo14-proyecto/app-grupo14/spec/models/comentariocarrete_spec.rb": {
        "lines": [
          1,
          null,
          1,
          1,
          1,
          1,
          null,
          null
        ]
      },
      "/home/franciscocabello/Desktop/franciscoCabello/software/proyecto/grupo14-proyecto/app-grupo14/app/models/comentariocarrete.rb": {
        "lines": [
          1,
          1,
          1,
          null
        ]
      },
      "/home/franciscocabello/Desktop/franciscoCabello/software/proyecto/grupo14-proyecto/app-grupo14/spec/models/comentarioservicio_spec.rb": {
        "lines": [
          1,
          null,
          1,
          1,
          1,
          1,
          null,
          null
        ]
      },
      "/home/franciscocabello/Desktop/franciscoCabello/software/proyecto/grupo14-proyecto/app-grupo14/app/models/comentarioservicio.rb": {
        "lines": [
          1,
          null,
          1,
          1,
          1,
          null
        ]
      },
      "/home/franciscocabello/Desktop/franciscoCabello/software/proyecto/grupo14-proyecto/app-grupo14/spec/models/servicio_spec.rb": {
        "lines": [
          1,
          null,
          1,
          1,
          1,
          1,
          null,
          null
        ]
      },
      "/home/franciscocabello/Desktop/franciscoCabello/software/proyecto/grupo14-proyecto/app-grupo14/app/models/servicio.rb": {
        "lines": [
          1,
          null,
          1,
          1,
          1,
          1,
          null
        ]
      },
      "/home/franciscocabello/Desktop/franciscoCabello/software/proyecto/grupo14-proyecto/app-grupo14/spec/requests/comentarioservicios_spec.rb": {
        "lines": [
          1,
          null,
          1,
          1,
          1,
          1,
          1,
          null,
          null,
          null
        ]
      },
      "/home/franciscocabello/Desktop/franciscoCabello/software/proyecto/grupo14-proyecto/app-grupo14/spec/routing/comentarioservicios_routing_spec.rb": {
        "lines": [
          1,
          null,
          1,
          1,
          1,
          1,
          null,
          null,
          1,
          1,
          null,
          null,
          1,
          1,
          null,
          null,
          1,
          1,
          null,
          null,
          null,
          1,
          1,
          null,
          null,
          1,
          1,
          null,
          null,
          1,
          1,
          null,
          null,
          1,
          1,
          null,
          null,
          null
        ]
      },
      "/home/franciscocabello/Desktop/franciscoCabello/software/proyecto/grupo14-proyecto/app-grupo14/spec/views/comentarioservicios/edit.html.erb_spec.rb": {
        "lines": [
          1,
          null,
          1,
          1,
          1,
          null,
          null,
          null,
          null,
          null,
          null,
          1,
          0,
          null,
          0,
          null,
          0,
          null,
          0,
          null,
          0,
          null,
          null,
          null
        ]
      },
      "/home/franciscocabello/Desktop/franciscoCabello/software/proyecto/grupo14-proyecto/app-grupo14/spec/views/comentarioservicios/index.html.erb_spec.rb": {
        "lines": [
          1,
          null,
          1,
          1,
          1,
          null,
          null,
          null,
          null,
          null,
          null,
          null,
          null,
          null,
          null,
          null,
          null,
          null,
          1,
          0,
          0,
          0,
          0,
          null,
          null
        ]
      },
      "/home/franciscocabello/Desktop/franciscoCabello/software/proyecto/grupo14-proyecto/app-grupo14/spec/views/comentarioservicios/new.html.erb_spec.rb": {
        "lines": [
          1,
          null,
          1,
          1,
          1,
          null,
          null,
          null,
          null,
          null,
          null,
          1,
          0,
          null,
          0,
          null,
          0,
          null,
          0,
          null,
          0,
          null,
          null,
          null
        ]
      },
      "/home/franciscocabello/Desktop/franciscoCabello/software/proyecto/grupo14-proyecto/app-grupo14/spec/views/comentarioservicios/show.html.erb_spec.rb": {
        "lines": [
          1,
          null,
          1,
          1,
          1,
          null,
          null,
          null,
          null,
          null,
          null,
          1,
          0,
          0,
          0,
          0,
          null,
          null
        ]
      }
    },
    "timestamp": 1602285055
  }
}
